Traceback (most recent call last):
  File "/opt/hostedtoolcache/Python/3.8.18/x64/lib/python3.8/site-packages/jupyter_cache/executors/utils.py", line 58, in single_nb_execution
    executenb(
  File "/opt/hostedtoolcache/Python/3.8.18/x64/lib/python3.8/site-packages/nbclient/client.py", line 1305, in execute
    return NotebookClient(nb=nb, resources=resources, km=km, **kwargs).execute()
  File "/opt/hostedtoolcache/Python/3.8.18/x64/lib/python3.8/site-packages/jupyter_core/utils/__init__.py", line 173, in wrapped
    return loop.run_until_complete(inner)
  File "/opt/hostedtoolcache/Python/3.8.18/x64/lib/python3.8/asyncio/base_events.py", line 616, in run_until_complete
    return future.result()
  File "/opt/hostedtoolcache/Python/3.8.18/x64/lib/python3.8/site-packages/nbclient/client.py", line 705, in async_execute
    await self.async_execute_cell(
  File "/opt/hostedtoolcache/Python/3.8.18/x64/lib/python3.8/site-packages/nbclient/client.py", line 1058, in async_execute_cell
    await self._check_raise_for_error(cell, cell_index, exec_reply)
  File "/opt/hostedtoolcache/Python/3.8.18/x64/lib/python3.8/site-packages/nbclient/client.py", line 914, in _check_raise_for_error
    raise CellExecutionError.from_cell_and_msg(cell, exec_reply_content)
nbclient.exceptions.CellExecutionError: An error occurred while executing the following cell:
------------------
from slipper.example_datasets.lisa_data import lisa_noise_periodogram, lisa_wd_strain
from slipper.fourier_methods import get_periodogram
from slipper.sample import LogPsplineSampler
import os
import numpy as np

np.random.seed(42)
OUTDIR = "out"
os.makedirs(OUTDIR, exist_ok=True)
------------------


[0;31m---------------------------------------------------------------------------[0m
[0;31mModuleNotFoundError[0m                       Traceback (most recent call last)
Cell [0;32mIn[1], line 1[0m
[0;32m----> 1[0m [38;5;28;01mfrom[39;00m [38;5;21;01mslipper[39;00m[38;5;21;01m.[39;00m[38;5;21;01mexample_datasets[39;00m[38;5;21;01m.[39;00m[38;5;21;01mlisa_data[39;00m [38;5;28;01mimport[39;00m lisa_noise_periodogram, lisa_wd_strain
[1;32m      2[0m [38;5;28;01mfrom[39;00m [38;5;21;01mslipper[39;00m[38;5;21;01m.[39;00m[38;5;21;01mfourier_methods[39;00m [38;5;28;01mimport[39;00m get_periodogram
[1;32m      3[0m [38;5;28;01mfrom[39;00m [38;5;21;01mslipper[39;00m[38;5;21;01m.[39;00m[38;5;21;01msample[39;00m [38;5;28;01mimport[39;00m LogPsplineSampler

[0;31mModuleNotFoundError[0m: No module named 'slipper'

